<?xml version="1.0" encoding="UTF-8"?>
<!-- Generated by org.testng.reporters.JUnitReportReporter -->
<testsuite name="Test_Cases.NewTest" tests="1" time="70.807" ignored="0" failures="0" timestamp="27 Feb 2018 12:20:29 GMT" skipped="0" hostname="BBT-51-PC" errors="0">
  <testcase name="IMDB_DATA" time="70.807" classname="Test_Cases.NewTest"/>
</testsuite> <!-- Test_Cases.NewTest -->
